<?xml version="1.0" encoding="UTF-8"?>
<testsuite xmlns:xsi="http://www.w3.org/2001/XMLSchema-instance" xsi:noNamespaceSchemaLocation="https://maven.apache.org/surefire/maven-surefire-plugin/xsd/surefire-test-report-3.0.xsd" version="3.0" name="com.settingupjunit.BankAccountTest" time="0.102" tests="4" errors="0" skipped="0" failures="0">
  <properties>
[...]
</properties>
  <testcase name="testWithdraw" classname="com.settingupjunit.BankAccountTest" time="0.005"/>
  <testcase name="testDepositNegativeAmount" classname="com.settingupjunit.BankAccountTest" time="0.0"/>
  <testcase name="testWithdrawMoreThanBalance" classname="com.settingupjunit.BankAccountTest" time="0.0"/>
  <testcase name="testDeposit" classname="com.settingupjunit.BankAccountTest" time="0.0"/>
</testsuite>